WARNING 2025-12-16 10:35:37,631 log Forbidden: /Magazin_de_muzica/info/
WARNING 2025-12-16 10:35:37,633 basehttp "GET /Magazin_de_muzica/info/ HTTP/1.1" 403 420
WARNING 2025-12-16 10:35:37,766 log Not Found: /favicon.ico
WARNING 2025-12-16 10:35:37,766 basehttp "GET /favicon.ico HTTP/1.1" 404 2546
WARNING 2025-12-16 10:35:44,100 basehttp "GET /static/css/style.css HTTP/1.1" 404 1853
WARNING 2025-12-16 10:35:45,449 basehttp "GET /static/css/style.css HTTP/1.1" 404 1853
WARNING 2025-12-16 10:35:48,551 basehttp "GET /static/css/style.css HTTP/1.1" 404 1853
WARNING 2025-12-16 10:35:53,114 basehttp "GET /static/css/style.css HTTP/1.1" 404 1853
WARNING 2025-12-16 11:24:27,892 basehttp "GET /static/css/style.css HTTP/1.1" 404 1853
WARNING 2025-12-16 11:24:29,872 basehttp "GET /static/css/style.css HTTP/1.1" 404 1853
WARNING 2025-12-16 11:24:32,905 basehttp "GET /static/css/style.css HTTP/1.1" 404 1853
WARNING 2025-12-16 11:35:05,328 basehttp "GET /static/css/style.css HTTP/1.1" 404 1853
WARNING 2025-12-16 16:07:51,482 log Forbidden: /Magazin_de_muzica/info/
WARNING 2025-12-16 16:07:51,484 basehttp "GET /Magazin_de_muzica/info/ HTTP/1.1" 403 420
WARNING 2025-12-16 16:07:51,669 log Not Found: /favicon.ico
WARNING 2025-12-16 16:07:51,672 basehttp "GET /favicon.ico HTTP/1.1" 404 2546
WARNING 2025-12-16 16:07:56,474 log Not Found: /Magazin_de_muzica/exempolu
WARNING 2025-12-16 16:07:56,475 basehttp "GET /Magazin_de_muzica/exempolu HTTP/1.1" 404 12393
WARNING 2025-12-16 16:08:02,731 basehttp "GET /static/css/style.css HTTP/1.1" 404 1853
WARNING 2025-12-16 16:08:04,607 basehttp "GET /static/css/style.css HTTP/1.1" 404 1853
WARNING 2025-12-16 16:08:07,361 basehttp "GET /static/css/style.css HTTP/1.1" 404 1853
WARNING 2025-12-16 16:08:13,232 basehttp "GET /static/css/style.css HTTP/1.1" 404 1853
WARNING 2025-12-16 16:08:13,953 basehttp "GET /static/css/style.css HTTP/1.1" 404 1853
WARNING 2025-12-16 16:20:21,459 basehttp "GET /static/css/style.css HTTP/1.1" 404 1853
WARNING 2026-01-06 11:55:59,437 log Not Found: /favicon.ico
WARNING 2026-01-06 11:55:59,437 basehttp "GET /favicon.ico HTTP/1.1" 404 2546
WARNING 2026-01-08 11:52:42,629 log Not Found: /favicon.ico
WARNING 2026-01-08 11:52:42,634 basehttp "GET /favicon.ico HTTP/1.1" 404 2546
WARNING 2026-01-08 11:52:46,701 basehttp "GET /static/css/style.css HTTP/1.1" 404 1853
WARNING 2026-01-08 11:52:57,765 basehttp "GET /static/css/style.css HTTP/1.1" 404 1853
WARNING 2026-01-08 11:53:02,436 basehttp "GET /static/css/style.css HTTP/1.1" 404 1853
WARNING 2026-01-08 11:53:04,880 basehttp "GET /static/css/style.css HTTP/1.1" 404 1853
WARNING 2026-01-08 11:53:11,441 basehttp "GET /static/css/style.css HTTP/1.1" 404 1853
WARNING 2026-01-08 11:53:20,396 basehttp "GET /static/css/style.css HTTP/1.1" 404 1853
WARNING 2026-01-08 11:53:26,675 basehttp "GET /static/css/style.css HTTP/1.1" 404 1853
WARNING 2026-01-08 11:53:32,769 log Forbidden: /Magazin_de_muzica/oferta-speciala/
WARNING 2026-01-08 11:53:32,769 basehttp "GET /Magazin_de_muzica/oferta-speciala/ HTTP/1.1" 403 407
WARNING 2026-01-08 11:53:36,116 basehttp "GET /static/css/style.css HTTP/1.1" 404 1853
WARNING 2026-01-08 11:53:38,438 basehttp "GET /static/css/style.css HTTP/1.1" 404 1853
WARNING 2026-01-08 11:53:47,093 log Not Found: /
WARNING 2026-01-08 11:53:47,093 basehttp "GET / HTTP/1.1" 404 2495
WARNING 2026-01-08 11:53:55,172 log Not Found: /
WARNING 2026-01-08 11:53:55,174 basehttp "GET / HTTP/1.1" 404 2495
WARNING 2026-01-08 11:54:00,195 basehttp "GET /static/css/style.css HTTP/1.1" 404 1853
WARNING 2026-01-08 11:54:02,110 basehttp "GET /static/css/style.css HTTP/1.1" 404 1853
WARNING 2026-01-08 11:54:05,750 basehttp "GET /static/css/style.css HTTP/1.1" 404 1853
WARNING 2026-01-09 20:33:22,956 basehttp "GET /static/css/style.css HTTP/1.1" 404 1853
WARNING 2026-01-09 20:33:23,013 log Not Found: /favicon.ico
WARNING 2026-01-09 20:33:23,014 basehttp "GET /favicon.ico HTTP/1.1" 404 2546
WARNING 2026-01-09 20:33:34,350 basehttp "GET /static/css/style.css HTTP/1.1" 404 1853
WARNING 2026-01-09 20:38:51,279 basehttp "GET /static/css/style.css HTTP/1.1" 404 1853
WARNING 2026-01-09 20:38:59,572 log Not Found: /
WARNING 2026-01-09 20:38:59,574 basehttp "GET / HTTP/1.1" 404 2495
WARNING 2026-01-09 20:44:37,052 basehttp "GET /static/css/style.css HTTP/1.1" 404 1853
WARNING 2026-01-09 20:45:04,180 basehttp "GET /static/css/style.css HTTP/1.1" 404 1853
WARNING 2026-01-09 20:45:08,984 basehttp "GET /static/css/style.css HTTP/1.1" 404 1853
WARNING 2026-01-09 20:45:19,171 basehttp "GET /static/css/style.css HTTP/1.1" 404 1853
WARNING 2026-03-11 18:50:58,371 log Not Found: /
WARNING 2026-03-11 18:50:58,377 basehttp "GET / HTTP/1.1" 404 2495
WARNING 2026-03-11 18:50:58,464 log Not Found: /favicon.ico
WARNING 2026-03-11 18:50:58,464 basehttp "GET /favicon.ico HTTP/1.1" 404 2546
WARNING 2026-03-11 18:51:08,938 log Not Found: /Magazin_de_muzzica
WARNING 2026-03-11 18:51:08,938 basehttp "GET /Magazin_de_muzzica HTTP/1.1" 404 2567
WARNING 2026-03-11 18:51:14,354 log Not Found: /Magazin_de_muzica.
WARNING 2026-03-11 18:51:14,354 basehttp "GET /Magazin_de_muzica. HTTP/1.1" 404 2567
WARNING 2026-03-11 18:51:24,464 log Forbidden: /Magazin_de_muzica/info/
WARNING 2026-03-11 18:51:24,465 basehttp "GET /Magazin_de_muzica/info/ HTTP/1.1" 403 420
WARNING 2026-03-11 18:51:30,238 basehttp "GET /static/css/style.css HTTP/1.1" 404 1853
WARNING 2026-03-11 18:51:33,645 basehttp "GET /static/css/style.css HTTP/1.1" 404 1853
WARNING 2026-03-11 18:51:37,664 basehttp "GET /static/css/style.css HTTP/1.1" 404 1853
WARNING 2026-03-11 18:52:08,325 basehttp "GET /static/css/style.css HTTP/1.1" 404 1853
WARNING 2026-03-11 18:54:52,599 basehttp "GET /static/css/style.css HTTP/1.1" 404 1853
WARNING 2026-03-11 18:54:57,622 log Forbidden: /Magazin_de_muzica/oferta-speciala/
WARNING 2026-03-11 18:54:57,622 basehttp "GET /Magazin_de_muzica/oferta-speciala/ HTTP/1.1" 403 407
WARNING 2026-03-11 18:56:12,973 basehttp "GET /static/css/style.css HTTP/1.1" 404 1853
WARNING 2026-03-11 18:56:13,924 basehttp "GET /static/css/style.css HTTP/1.1" 404 1853
WARNING 2026-03-11 18:56:15,396 basehttp "GET /static/css/style.css HTTP/1.1" 404 1853
WARNING 2026-03-11 18:56:17,757 basehttp "GET /static/css/style.css HTTP/1.1" 404 1853
WARNING 2026-03-11 18:57:30,375 basehttp "GET /static/css/style.css HTTP/1.1" 404 1853
WARNING 2026-03-11 18:57:38,559 basehttp "GET /static/css/style.css HTTP/1.1" 404 1853
WARNING 2026-03-11 18:59:10,358 basehttp "GET /static/css/style.css HTTP/1.1" 404 1853
WARNING 2026-03-11 19:01:14,410 basehttp "GET /static/css/style.css HTTP/1.1" 404 1853
WARNING 2026-03-11 19:02:00,766 basehttp "GET /static/css/style.css HTTP/1.1" 404 1853
WARNING 2026-03-11 19:03:45,044 basehttp "GET /static/css/style.css HTTP/1.1" 404 1853
WARNING 2026-03-11 19:03:51,486 basehttp "GET /static/css/style.css HTTP/1.1" 404 1853
WARNING 2026-03-11 19:05:18,752 basehttp "GET /static/css/style.css HTTP/1.1" 404 1853
WARNING 2026-03-11 19:05:20,414 basehttp "GET /static/css/style.css HTTP/1.1" 404 1853
WARNING 2026-03-11 19:05:22,015 basehttp "GET /static/css/style.css HTTP/1.1" 404 1853
WARNING 2026-03-11 19:05:23,479 basehttp "GET /static/css/style.css HTTP/1.1" 404 1853
WARNING 2026-03-11 19:05:28,175 basehttp "GET /static/css/style.css HTTP/1.1" 404 1853
ERROR 2026-03-11 19:06:05,927 log Internal Server Error: /Magazin_de_muzica/produse/
Traceback (most recent call last):
  File "C:\Users\grigo\AppData\Local\Programs\Python\Python312\Lib\site-packages\django\template\base.py", line 510, in parse
    compile_func = self.tags[command]
                   ~~~~~~~~~^^^^^^^^^
KeyError: 'static'

During handling of the above exception, another exception occurred:

Traceback (most recent call last):
  File "C:\Users\grigo\AppData\Local\Programs\Python\Python312\Lib\site-packages\django\core\handlers\exception.py", line 55, in inner
    response = get_response(request)
               ^^^^^^^^^^^^^^^^^^^^^
  File "C:\Users\grigo\AppData\Local\Programs\Python\Python312\Lib\site-packages\django\core\handlers\base.py", line 197, in _get_response
    response = wrapped_callback(request, *callback_args, **callback_kwargs)
               ^^^^^^^^^^^^^^^^^^^^^^^^^^^^^^^^^^^^^^^^^^^^^^^^^^^^^^^^^^^^
  File "C:\Users\grigo\magazin_muzica\Magazin_de_muzica\views.py", line 394, in lista_produse
    return render(request, 'Magazin_de_muzica/produse.html', {
           ^^^^^^^^^^^^^^^^^^^^^^^^^^^^^^^^^^^^^^^^^^^^^^^^^^^
  File "C:\Users\grigo\AppData\Local\Programs\Python\Python312\Lib\site-packages\django\shortcuts.py", line 25, in render
    content = loader.render_to_string(template_name, context, request, using=using)
              ^^^^^^^^^^^^^^^^^^^^^^^^^^^^^^^^^^^^^^^^^^^^^^^^^^^^^^^^^^^^^^^^^^^^^
  File "C:\Users\grigo\AppData\Local\Programs\Python\Python312\Lib\site-packages\django\template\loader.py", line 61, in render_to_string
    template = get_template(template_name, using=using)
               ^^^^^^^^^^^^^^^^^^^^^^^^^^^^^^^^^^^^^^^^
  File "C:\Users\grigo\AppData\Local\Programs\Python\Python312\Lib\site-packages\django\template\loader.py", line 15, in get_template
    return engine.get_template(template_name)
           ^^^^^^^^^^^^^^^^^^^^^^^^^^^^^^^^^^
  File "C:\Users\grigo\AppData\Local\Programs\Python\Python312\Lib\site-packages\django\template\backends\django.py", line 79, in get_template
    return Template(self.engine.get_template(template_name), self)
                    ^^^^^^^^^^^^^^^^^^^^^^^^^^^^^^^^^^^^^^^
  File "C:\Users\grigo\AppData\Local\Programs\Python\Python312\Lib\site-packages\django\template\engine.py", line 177, in get_template
    template, origin = self.find_template(template_name)
                       ^^^^^^^^^^^^^^^^^^^^^^^^^^^^^^^^^
  File "C:\Users\grigo\AppData\Local\Programs\Python\Python312\Lib\site-packages\django\template\engine.py", line 159, in find_template
    template = loader.get_template(name, skip=skip)
               ^^^^^^^^^^^^^^^^^^^^^^^^^^^^^^^^^^^^
  File "C:\Users\grigo\AppData\Local\Programs\Python\Python312\Lib\site-packages\django\template\loaders\cached.py", line 57, in get_template
    template = super().get_template(template_name, skip)
               ^^^^^^^^^^^^^^^^^^^^^^^^^^^^^^^^^^^^^^^^^
  File "C:\Users\grigo\AppData\Local\Programs\Python\Python312\Lib\site-packages\django\template\loaders\base.py", line 28, in get_template
    return Template(
           ^^^^^^^^^
  File "C:\Users\grigo\AppData\Local\Programs\Python\Python312\Lib\site-packages\django\template\base.py", line 154, in __init__
    self.nodelist = self.compile_nodelist()
                    ^^^^^^^^^^^^^^^^^^^^^^^
  File "C:\Users\grigo\AppData\Local\Programs\Python\Python312\Lib\site-packages\django\template\base.py", line 196, in compile_nodelist
    nodelist = parser.parse()
               ^^^^^^^^^^^^^^
  File "C:\Users\grigo\AppData\Local\Programs\Python\Python312\Lib\site-packages\django\template\base.py", line 518, in parse
    raise self.error(token, e)
  File "C:\Users\grigo\AppData\Local\Programs\Python\Python312\Lib\site-packages\django\template\base.py", line 516, in parse
    compiled_result = compile_func(self, token)
                      ^^^^^^^^^^^^^^^^^^^^^^^^^
  File "C:\Users\grigo\AppData\Local\Programs\Python\Python312\Lib\site-packages\django\template\defaulttags.py", line 962, in do_if
    nodelist = parser.parse(("elif", "else", "endif"))
               ^^^^^^^^^^^^^^^^^^^^^^^^^^^^^^^^^^^^^^^
  File "C:\Users\grigo\AppData\Local\Programs\Python\Python312\Lib\site-packages\django\template\base.py", line 518, in parse
    raise self.error(token, e)
  File "C:\Users\grigo\AppData\Local\Programs\Python\Python312\Lib\site-packages\django\template\base.py", line 516, in parse
    compiled_result = compile_func(self, token)
                      ^^^^^^^^^^^^^^^^^^^^^^^^^
  File "C:\Users\grigo\AppData\Local\Programs\Python\Python312\Lib\site-packages\django\template\defaulttags.py", line 862, in do_for
    nodelist_loop = parser.parse(
                    ^^^^^^^^^^^^^
  File "C:\Users\grigo\AppData\Local\Programs\Python\Python312\Lib\site-packages\django\template\base.py", line 518, in parse
    raise self.error(token, e)
  File "C:\Users\grigo\AppData\Local\Programs\Python\Python312\Lib\site-packages\django\template\base.py", line 516, in parse
    compiled_result = compile_func(self, token)
                      ^^^^^^^^^^^^^^^^^^^^^^^^^
  File "C:\Users\grigo\AppData\Local\Programs\Python\Python312\Lib\site-packages\django\template\defaulttags.py", line 976, in do_if
    nodelist = parser.parse(("endif",))
               ^^^^^^^^^^^^^^^^^^^^^^^^
  File "C:\Users\grigo\AppData\Local\Programs\Python\Python312\Lib\site-packages\django\template\base.py", line 512, in parse
    self.invalid_block_tag(token, command, parse_until)
  File "C:\Users\grigo\AppData\Local\Programs\Python\Python312\Lib\site-packages\django\template\base.py", line 567, in invalid_block_tag
    raise self.error(
django.template.exceptions.TemplateSyntaxError: Invalid block tag on line 118: 'static', expected 'endif'. Did you forget to register or load this tag?
ERROR 2026-03-11 19:06:05,934 basehttp "GET /Magazin_de_muzica/produse/? HTTP/1.1" 500 289869
WARNING 2026-03-11 19:08:27,282 basehttp "GET /static/css/style.css HTTP/1.1" 404 1853
WARNING 2026-03-11 19:08:35,913 basehttp "GET /static/css/style.css HTTP/1.1" 404 1853
WARNING 2026-03-11 19:08:57,007 basehttp "GET /static/css/style.css HTTP/1.1" 404 1853
WARNING 2026-03-11 19:08:59,803 basehttp "GET /static/css/style.css HTTP/1.1" 404 1853
WARNING 2026-03-11 19:09:35,912 basehttp "GET /static/css/style.css HTTP/1.1" 404 1853
WARNING 2026-03-11 19:09:48,820 basehttp "GET /static/css/style.css HTTP/1.1" 404 1853
WARNING 2026-03-11 19:09:51,687 basehttp "GET /static/css/style.css HTTP/1.1" 404 1853
WARNING 2026-03-11 19:10:04,168 basehttp "GET /static/css/style.css HTTP/1.1" 404 1853
WARNING 2026-03-11 19:10:06,386 basehttp "GET /static/css/style.css HTTP/1.1" 404 1853
WARNING 2026-03-11 19:10:58,403 basehttp "GET /static/css/style.css HTTP/1.1" 404 1853
WARNING 2026-03-11 19:11:02,772 basehttp "GET /static/css/style.css HTTP/1.1" 404 1853
WARNING 2026-03-11 19:11:09,315 basehttp "GET /static/css/style.css HTTP/1.1" 404 1853
WARNING 2026-03-11 19:11:13,218 basehttp "GET /static/css/style.css HTTP/1.1" 404 1853
WARNING 2026-03-11 19:11:41,824 basehttp "GET /static/css/style.css HTTP/1.1" 404 1853
WARNING 2026-03-11 19:11:44,390 basehttp "GET /static/css/style.css HTTP/1.1" 404 1853
WARNING 2026-03-11 19:11:58,065 basehttp "GET /static/css/style.css HTTP/1.1" 404 1853
WARNING 2026-03-11 19:13:41,985 basehttp "GET /static/css/style.css HTTP/1.1" 404 1853
WARNING 2026-03-11 19:13:51,420 basehttp "GET /static/css/style.css HTTP/1.1" 404 1853
WARNING 2026-03-11 19:15:24,851 basehttp "GET /static/css/style.css HTTP/1.1" 404 1853
WARNING 2026-03-11 19:16:53,567 basehttp "GET /static/css/style.css HTTP/1.1" 404 1853
WARNING 2026-03-11 19:17:05,059 basehttp "GET /static/css/style.css HTTP/1.1" 404 1853
WARNING 2026-03-11 19:17:20,893 log Forbidden (CSRF token from POST incorrect.): /admin/login/
WARNING 2026-03-11 19:17:20,896 basehttp "POST /admin/login/?next=/admin/ HTTP/1.1" 403 2503
WARNING 2026-03-11 19:17:25,184 log Forbidden (CSRF token from POST incorrect.): /admin/login/
WARNING 2026-03-11 19:17:25,186 basehttp "POST /admin/login/?next=/admin/ HTTP/1.1" 403 2503
WARNING 2026-03-11 19:17:29,800 basehttp "GET /static/css/style.css HTTP/1.1" 404 1853
WARNING 2026-03-11 19:17:32,426 basehttp "GET /static/css/style.css HTTP/1.1" 404 1853
WARNING 2026-03-11 19:18:12,703 basehttp "GET /static/css/style.css HTTP/1.1" 404 1853
WARNING 2026-03-11 19:18:17,293 basehttp "GET /static/css/style.css HTTP/1.1" 404 1853
WARNING 2026-03-11 19:18:42,192 basehttp "GET /static/css/style.css HTTP/1.1" 404 1853
WARNING 2026-03-11 19:18:44,828 basehttp "GET /static/css/style.css HTTP/1.1" 404 1853
WARNING 2026-03-11 19:18:50,420 basehttp "GET /static/css/style.css HTTP/1.1" 404 1853
WARNING 2026-03-11 19:18:55,181 basehttp "GET /static/css/style.css HTTP/1.1" 404 1853
WARNING 2026-03-11 19:27:31,388 basehttp "GET /static/css/style.css HTTP/1.1" 404 1853
WARNING 2026-03-11 19:27:38,205 basehttp "GET /static/css/style.css HTTP/1.1" 404 1853
WARNING 2026-03-11 19:27:42,006 basehttp "GET /static/css/style.css HTTP/1.1" 404 1853
WARNING 2026-03-11 19:28:12,599 basehttp "GET /static/css/style.css HTTP/1.1" 404 1853
WARNING 2026-03-11 19:28:35,511 basehttp "GET /static/css/style.css HTTP/1.1" 404 1853
WARNING 2026-03-11 19:28:41,782 basehttp "GET /static/css/style.css HTTP/1.1" 404 1853
WARNING 2026-03-11 19:29:36,654 basehttp "GET /static/css/style.css HTTP/1.1" 404 1853
WARNING 2026-03-11 19:29:42,814 basehttp "GET /static/css/style.css HTTP/1.1" 404 1853
WARNING 2026-03-11 19:29:46,716 basehttp "GET /static/css/style.css HTTP/1.1" 404 1853
WARNING 2026-03-11 19:29:48,610 basehttp "GET /static/css/style.css HTTP/1.1" 404 1853
WARNING 2026-03-11 19:29:49,683 basehttp "GET /static/css/style.css HTTP/1.1" 404 1853
WARNING 2026-03-11 19:29:53,933 basehttp "GET /static/css/style.css HTTP/1.1" 404 1853
WARNING 2026-03-11 19:30:07,341 basehttp "GET /static/css/style.css HTTP/1.1" 404 1853
WARNING 2026-03-11 19:30:09,184 basehttp "GET /static/css/style.css HTTP/1.1" 404 1853
WARNING 2026-03-11 19:30:11,409 basehttp "GET /static/css/style.css HTTP/1.1" 404 1853
WARNING 2026-03-11 19:30:14,018 basehttp "GET /static/css/style.css HTTP/1.1" 404 1853
WARNING 2026-03-11 19:30:17,154 basehttp "GET /static/css/style.css HTTP/1.1" 404 1853
WARNING 2026-03-11 19:32:06,423 basehttp "GET /static/css/style.css HTTP/1.1" 404 1853
WARNING 2026-03-11 19:32:09,186 basehttp "GET /static/css/style.css HTTP/1.1" 404 1853
WARNING 2026-03-11 19:32:10,957 basehttp "GET /static/css/style.css HTTP/1.1" 404 1853
WARNING 2026-03-11 19:32:20,676 basehttp "GET /static/css/style.css HTTP/1.1" 404 1853
WARNING 2026-03-11 19:32:26,843 basehttp "GET /static/css/style.css HTTP/1.1" 404 1853
WARNING 2026-03-11 19:32:32,047 basehttp "GET /static/css/style.css HTTP/1.1" 404 1853
WARNING 2026-03-11 19:33:23,764 basehttp "GET /static/css/style.css HTTP/1.1" 404 1853
WARNING 2026-03-11 19:33:25,479 basehttp "GET /static/css/style.css HTTP/1.1" 404 1853
WARNING 2026-03-11 19:33:29,225 basehttp "GET /static/css/style.css HTTP/1.1" 404 1853
WARNING 2026-03-11 19:33:33,451 basehttp "GET /static/css/style.css HTTP/1.1" 404 1853
WARNING 2026-03-11 19:34:20,421 basehttp "GET /static/css/style.css HTTP/1.1" 404 1853
WARNING 2026-03-11 19:34:27,074 basehttp "GET /static/css/style.css HTTP/1.1" 404 1853
WARNING 2026-03-11 19:34:29,195 basehttp "GET /static/css/style.css HTTP/1.1" 404 1853
WARNING 2026-03-11 19:34:32,012 basehttp "GET /static/css/style.css HTTP/1.1" 404 1853
WARNING 2026-03-11 19:34:33,387 basehttp "GET /static/css/style.css HTTP/1.1" 404 1853
WARNING 2026-03-11 19:34:41,297 basehttp "GET /static/css/style.css HTTP/1.1" 404 1853
WARNING 2026-03-11 19:34:46,819 basehttp "GET /static/css/style.css HTTP/1.1" 404 1853
WARNING 2026-03-11 19:35:03,130 basehttp "GET /static/css/style.css HTTP/1.1" 404 1853
WARNING 2026-03-11 19:35:05,283 basehttp "GET /static/css/style.css HTTP/1.1" 404 1853
WARNING 2026-03-11 19:35:06,611 basehttp "GET /static/css/style.css HTTP/1.1" 404 1853
WARNING 2026-03-11 19:35:27,930 basehttp "GET /static/css/style.css HTTP/1.1" 404 1853
WARNING 2026-03-11 19:35:30,186 basehttp "GET /static/css/style.css HTTP/1.1" 404 1853
WARNING 2026-03-11 19:35:32,988 basehttp "GET /static/css/style.css HTTP/1.1" 404 1853
WARNING 2026-03-11 19:35:34,800 basehttp "GET /static/css/style.css HTTP/1.1" 404 1853
WARNING 2026-03-11 19:35:36,471 basehttp "GET /static/css/style.css HTTP/1.1" 404 1853
WARNING 2026-03-11 19:35:44,208 basehttp "GET /static/css/style.css HTTP/1.1" 404 1853
WARNING 2026-03-11 19:35:47,650 basehttp "GET /static/css/style.css HTTP/1.1" 404 1853
WARNING 2026-03-11 19:36:07,703 basehttp "GET /static/css/style.css HTTP/1.1" 404 1853
WARNING 2026-03-11 19:36:09,750 basehttp "GET /static/css/style.css HTTP/1.1" 404 1853
WARNING 2026-03-11 19:37:18,358 basehttp "GET /static/css/style.css HTTP/1.1" 404 1853
WARNING 2026-03-11 19:38:03,644 basehttp "GET /static/css/style.css HTTP/1.1" 404 1853
WARNING 2026-03-11 19:38:07,384 basehttp "GET /static/css/style.css HTTP/1.1" 404 1853
WARNING 2026-03-11 19:38:10,853 basehttp "GET /static/css/style.css HTTP/1.1" 404 1853
WARNING 2026-03-11 19:38:14,527 basehttp "GET /static/css/style.css HTTP/1.1" 404 1853
WARNING 2026-03-11 19:38:16,100 basehttp "GET /static/css/style.css HTTP/1.1" 404 1853
WARNING 2026-03-11 19:38:31,741 basehttp "GET /static/css/style.css HTTP/1.1" 404 1853
WARNING 2026-03-11 19:38:34,542 basehttp "GET /static/css/style.css HTTP/1.1" 404 1853
WARNING 2026-03-11 19:38:58,927 basehttp "GET /static/css/style.css HTTP/1.1" 404 1853
WARNING 2026-03-11 19:39:05,378 basehttp "GET /static/css/style.css HTTP/1.1" 404 1853
WARNING 2026-03-11 19:40:53,263 basehttp "GET /static/css/style.css HTTP/1.1" 404 1853
WARNING 2026-03-11 19:41:02,268 basehttp "GET /static/css/style.css HTTP/1.1" 404 1853
WARNING 2026-03-11 19:41:20,535 basehttp "GET /static/css/style.css HTTP/1.1" 404 1853
WARNING 2026-03-11 19:41:22,132 basehttp "GET /static/css/style.css HTTP/1.1" 404 1853
WARNING 2026-03-11 19:44:47,135 basehttp "GET /static/css/style.css HTTP/1.1" 404 1853
WARNING 2026-03-11 19:44:48,851 basehttp "GET /static/css/style.css HTTP/1.1" 404 1853
WARNING 2026-03-11 19:45:09,830 basehttp "GET /static/css/style.css HTTP/1.1" 404 1853
WARNING 2026-03-11 19:45:11,517 basehttp "GET /static/css/style.css HTTP/1.1" 404 1853
WARNING 2026-03-11 19:45:23,010 basehttp "GET /static/css/style.css HTTP/1.1" 404 1853
WARNING 2026-03-11 19:45:35,065 basehttp "GET /static/css/style.css HTTP/1.1" 404 1853
WARNING 2026-03-11 19:45:37,000 basehttp "GET /static/css/style.css HTTP/1.1" 404 1853
WARNING 2026-03-11 19:45:41,458 basehttp "GET /static/css/style.css HTTP/1.1" 404 1853
WARNING 2026-03-11 19:45:44,205 basehttp "GET /static/css/style.css HTTP/1.1" 404 1853
WARNING 2026-03-11 19:45:47,167 basehttp "GET /static/css/style.css HTTP/1.1" 404 1853
WARNING 2026-03-11 19:45:48,116 basehttp "GET /static/css/style.css HTTP/1.1" 404 1853
WARNING 2026-03-11 19:46:51,438 basehttp "GET /static/css/style.css HTTP/1.1" 404 1853
WARNING 2026-03-11 19:46:53,067 basehttp "GET /static/css/style.css HTTP/1.1" 404 1853
WARNING 2026-03-11 19:46:55,761 basehttp "GET /static/css/style.css HTTP/1.1" 404 1853
WARNING 2026-03-11 19:46:57,473 basehttp "GET /static/css/style.css HTTP/1.1" 404 1853
WARNING 2026-03-11 19:48:13,451 basehttp "GET /static/css/style.css HTTP/1.1" 404 1853
WARNING 2026-03-11 19:48:16,540 basehttp "GET /static/css/style.css HTTP/1.1" 404 1853
WARNING 2026-03-11 19:48:30,542 basehttp "GET /static/css/style.css HTTP/1.1" 404 1853
WARNING 2026-03-11 19:48:38,258 basehttp "GET /static/css/style.css HTTP/1.1" 404 1853
WARNING 2026-03-11 19:48:51,847 basehttp "GET /static/css/style.css HTTP/1.1" 404 1853
WARNING 2026-03-11 19:48:52,829 basehttp "GET /static/css/style.css HTTP/1.1" 404 1853
WARNING 2026-03-11 19:48:54,143 basehttp "GET /static/css/style.css HTTP/1.1" 404 1853
WARNING 2026-03-11 19:48:55,498 basehttp "GET /static/css/style.css HTTP/1.1" 404 1853
WARNING 2026-03-11 19:48:56,731 basehttp "GET /static/css/style.css HTTP/1.1" 404 1853
WARNING 2026-03-11 19:49:03,437 basehttp "GET /static/css/style.css HTTP/1.1" 404 1853
WARNING 2026-03-11 19:49:16,952 basehttp "GET /static/css/style.css HTTP/1.1" 404 1853
WARNING 2026-03-12 10:47:35,209 log Not Found: /favicon.ico
WARNING 2026-03-12 10:47:35,209 basehttp "GET /favicon.ico HTTP/1.1" 404 2546
WARNING 2026-03-12 10:47:38,489 basehttp "GET /static/css/style.css HTTP/1.1" 404 1853
WARNING 2026-03-12 10:49:32,339 basehttp "GET /static/css/style.css HTTP/1.1" 404 1853
WARNING 2026-03-12 10:49:32,354 basehttp "GET /static/Magazin_de_muzica/imagini/hero-bg.jpg HTTP/1.1" 404 1925
WARNING 2026-03-12 10:50:25,136 basehttp "GET /static/css/style.css HTTP/1.1" 404 1853
WARNING 2026-03-12 10:50:25,153 basehttp "GET /static/Magazin_de_muzica/imagini/hero-bg.jpg HTTP/1.1" 404 1925
WARNING 2026-03-12 10:50:47,223 log Not Found: /produse/
WARNING 2026-03-12 10:50:47,224 basehttp "GET /produse/ HTTP/1.1" 404 2537
WARNING 2026-03-12 10:51:59,549 basehttp "GET /static/css/style.css HTTP/1.1" 404 1853
WARNING 2026-03-12 10:51:59,561 basehttp "GET /static/Magazin_de_muzica/imagini/hero-bg.jpg HTTP/1.1" 404 1925
WARNING 2026-03-12 10:52:01,049 log Not Found: /Magazin_de_muzica/exemplu/Magazin_de_muzica/produse/
WARNING 2026-03-12 10:52:01,049 basehttp "GET /Magazin_de_muzica/exemplu/Magazin_de_muzica/produse/ HTTP/1.1" 404 12471
WARNING 2026-03-12 10:53:15,038 log Not Found: /Magazin_de_muzica/exemplu/Magazin_de_muzica/produse/
WARNING 2026-03-12 10:53:15,038 basehttp "GET /Magazin_de_muzica/exemplu/Magazin_de_muzica/produse/ HTTP/1.1" 404 12471
WARNING 2026-03-12 10:53:18,988 basehttp "GET /static/css/style.css HTTP/1.1" 404 1853
WARNING 2026-03-12 10:53:19,009 basehttp "GET /static/Magazin_de_muzica/imagini/hero-bg.jpg HTTP/1.1" 404 1925
WARNING 2026-03-12 10:53:21,522 log Not Found: /Magazin_de_muzica/exemplu/lista_produse
WARNING 2026-03-12 10:53:21,522 basehttp "GET /Magazin_de_muzica/exemplu/lista_produse HTTP/1.1" 404 12432
WARNING 2026-03-12 10:54:05,139 basehttp "GET /static/css/style.css HTTP/1.1" 404 1853
WARNING 2026-03-12 10:54:05,154 basehttp "GET /static/Magazin_de_muzica/imagini/hero-bg.jpg HTTP/1.1" 404 1925
WARNING 2026-03-12 10:54:06,256 basehttp "GET /static/css/style.css HTTP/1.1" 404 1853
WARNING 2026-03-12 10:54:09,965 basehttp "GET /static/css/style.css HTTP/1.1" 404 1853
WARNING 2026-03-12 10:54:11,367 basehttp "GET /static/css/style.css HTTP/1.1" 404 1853
WARNING 2026-03-12 10:54:14,042 basehttp "GET /static/css/style.css HTTP/1.1" 404 1853
WARNING 2026-03-12 10:54:14,058 basehttp "GET /static/Magazin_de_muzica/imagini/hero-bg.jpg HTTP/1.1" 404 1925
WARNING 2026-03-12 10:55:46,570 basehttp "GET /static/css/style.css HTTP/1.1" 404 1853
WARNING 2026-03-12 10:55:46,587 basehttp "GET /static/Magazin_de_muzica/imagini/hero-bg.jpg HTTP/1.1" 404 1925
WARNING 2026-03-12 10:55:48,922 log Not Found: /produse/
WARNING 2026-03-12 10:55:48,922 basehttp "GET /produse/?categorie=merch HTTP/1.1" 404 2553
WARNING 2026-03-12 10:55:57,856 basehttp "GET /static/css/style.css HTTP/1.1" 404 1853
WARNING 2026-03-12 10:56:09,821 basehttp "GET /static/css/style.css HTTP/1.1" 404 1853
WARNING 2026-03-12 10:56:12,439 basehttp "GET /static/css/style.css HTTP/1.1" 404 1853
WARNING 2026-03-12 10:56:12,445 basehttp "GET /static/Magazin_de_muzica/imagini/hero-bg.jpg HTTP/1.1" 404 1925
WARNING 2026-03-12 10:57:16,579 basehttp "GET /static/css/style.css HTTP/1.1" 404 1853
WARNING 2026-03-12 10:58:18,992 basehttp "GET /static/css/style.css HTTP/1.1" 404 1853
WARNING 2026-03-12 10:58:19,001 basehttp "GET /static/Magazin_de_muzica/imagini/hero-bg.jpg HTTP/1.1" 404 1925
WARNING 2026-03-12 10:58:24,312 basehttp "GET /static/css/style.css HTTP/1.1" 404 1853
ERROR 2026-03-12 10:59:52,067 log Internal Server Error: /Magazin_de_muzica/exemplu/
Traceback (most recent call last):
  File "C:\Users\grigo\AppData\Local\Programs\Python\Python312\Lib\site-packages\django\core\handlers\exception.py", line 55, in inner
    response = get_response(request)
               ^^^^^^^^^^^^^^^^^^^^^
  File "C:\Users\grigo\AppData\Local\Programs\Python\Python312\Lib\site-packages\django\core\handlers\base.py", line 197, in _get_response
    response = wrapped_callback(request, *callback_args, **callback_kwargs)
               ^^^^^^^^^^^^^^^^^^^^^^^^^^^^^^^^^^^^^^^^^^^^^^^^^^^^^^^^^^^^
  File "C:\Users\grigo\magazin_muzica\Magazin_de_muzica\views.py", line 329, in afis_template
    return render(request, "Magazin_de_muzica/exemplu.html", context)
           ^^^^^^^^^^^^^^^^^^^^^^^^^^^^^^^^^^^^^^^^^^^^^^^^^^^^^^^^^^
  File "C:\Users\grigo\AppData\Local\Programs\Python\Python312\Lib\site-packages\django\shortcuts.py", line 25, in render
    content = loader.render_to_string(template_name, context, request, using=using)
              ^^^^^^^^^^^^^^^^^^^^^^^^^^^^^^^^^^^^^^^^^^^^^^^^^^^^^^^^^^^^^^^^^^^^^
  File "C:\Users\grigo\AppData\Local\Programs\Python\Python312\Lib\site-packages\django\template\loader.py", line 62, in render_to_string
    return template.render(context, request)
           ^^^^^^^^^^^^^^^^^^^^^^^^^^^^^^^^^
  File "C:\Users\grigo\AppData\Local\Programs\Python\Python312\Lib\site-packages\django\template\backends\django.py", line 107, in render
    return self.template.render(context)
           ^^^^^^^^^^^^^^^^^^^^^^^^^^^^^
  File "C:\Users\grigo\AppData\Local\Programs\Python\Python312\Lib\site-packages\django\template\base.py", line 171, in render
    return self._render(context)
           ^^^^^^^^^^^^^^^^^^^^^
  File "C:\Users\grigo\AppData\Local\Programs\Python\Python312\Lib\site-packages\django\template\base.py", line 163, in _render
    return self.nodelist.render(context)
           ^^^^^^^^^^^^^^^^^^^^^^^^^^^^^
  File "C:\Users\grigo\AppData\Local\Programs\Python\Python312\Lib\site-packages\django\template\base.py", line 1016, in render
    return SafeString("".join([node.render_annotated(context) for node in self]))
                               ^^^^^^^^^^^^^^^^^^^^^^^^^^^^^^
  File "C:\Users\grigo\AppData\Local\Programs\Python\Python312\Lib\site-packages\django\template\base.py", line 977, in render_annotated
    return self.render(context)
           ^^^^^^^^^^^^^^^^^^^^
  File "C:\Users\grigo\AppData\Local\Programs\Python\Python312\Lib\site-packages\django\template\loader_tags.py", line 159, in render
    return compiled_parent._render(context)
           ^^^^^^^^^^^^^^^^^^^^^^^^^^^^^^^^
  File "C:\Users\grigo\AppData\Local\Programs\Python\Python312\Lib\site-packages\django\template\base.py", line 163, in _render
    return self.nodelist.render(context)
           ^^^^^^^^^^^^^^^^^^^^^^^^^^^^^
  File "C:\Users\grigo\AppData\Local\Programs\Python\Python312\Lib\site-packages\django\template\base.py", line 1016, in render
    return SafeString("".join([node.render_annotated(context) for node in self]))
                               ^^^^^^^^^^^^^^^^^^^^^^^^^^^^^^
  File "C:\Users\grigo\AppData\Local\Programs\Python\Python312\Lib\site-packages\django\template\base.py", line 977, in render_annotated
    return self.render(context)
           ^^^^^^^^^^^^^^^^^^^^
  File "C:\Users\grigo\AppData\Local\Programs\Python\Python312\Lib\site-packages\django\template\loader_tags.py", line 65, in render
    result = block.nodelist.render(context)
             ^^^^^^^^^^^^^^^^^^^^^^^^^^^^^^
  File "C:\Users\grigo\AppData\Local\Programs\Python\Python312\Lib\site-packages\django\template\base.py", line 1016, in render
    return SafeString("".join([node.render_annotated(context) for node in self]))
                               ^^^^^^^^^^^^^^^^^^^^^^^^^^^^^^
  File "C:\Users\grigo\AppData\Local\Programs\Python\Python312\Lib\site-packages\django\template\base.py", line 977, in render_annotated
    return self.render(context)
           ^^^^^^^^^^^^^^^^^^^^
  File "C:\Users\grigo\AppData\Local\Programs\Python\Python312\Lib\site-packages\django\template\defaulttags.py", line 480, in render
    url = reverse(view_name, args=args, kwargs=kwargs, current_app=current_app)
          ^^^^^^^^^^^^^^^^^^^^^^^^^^^^^^^^^^^^^^^^^^^^^^^^^^^^^^^^^^^^^^^^^^^^^
  File "C:\Users\grigo\AppData\Local\Programs\Python\Python312\Lib\site-packages\django\urls\base.py", line 98, in reverse
    resolved_url = resolver._reverse_with_prefix(view, prefix, *args, **kwargs)
                   ^^^^^^^^^^^^^^^^^^^^^^^^^^^^^^^^^^^^^^^^^^^^^^^^^^^^^^^^^^^^
  File "C:\Users\grigo\AppData\Local\Programs\Python\Python312\Lib\site-packages\django\urls\resolvers.py", line 831, in _reverse_with_prefix
    raise NoReverseMatch(msg)
django.urls.exceptions.NoReverseMatch: Reverse for 'Detalii_produs' with no arguments not found. 2 pattern(s) tried: ['Magazin_de_muzica/produs/(?P<pk>[0-9]+)/\\Z', 'Magazin_de_muzica/produse/(?P<produs_id>[0-9]+)/\\Z']
ERROR 2026-03-12 10:59:52,079 basehttp "GET /Magazin_de_muzica/exemplu/ HTTP/1.1" 500 164253
WARNING 2026-03-12 11:02:48,737 basehttp "GET /static/css/style.css HTTP/1.1" 404 1853
WARNING 2026-03-12 11:02:48,758 basehttp "GET /static/Magazin_de_muzica/imagini/hero-bg.jpg HTTP/1.1" 404 1925
WARNING 2026-03-12 11:02:50,286 basehttp "GET /static/css/style.css HTTP/1.1" 404 1853
WARNING 2026-03-12 11:02:52,702 log Not Found: /Magazin_de_muzica/produs/1/
WARNING 2026-03-12 11:02:52,702 basehttp "GET /Magazin_de_muzica/produs/1/ HTTP/1.1" 404 10644
WARNING 2026-03-12 11:03:00,374 basehttp "GET /static/css/style.css HTTP/1.1" 404 1853
WARNING 2026-03-12 11:03:02,698 basehttp "GET /static/css/style.css HTTP/1.1" 404 1853
WARNING 2026-03-12 11:03:04,559 basehttp "GET /static/css/style.css HTTP/1.1" 404 1853
WARNING 2026-03-12 11:03:08,852 basehttp "GET /static/css/style.css HTTP/1.1" 404 1853
WARNING 2026-03-12 11:03:58,820 basehttp "GET /static/css/style.css HTTP/1.1" 404 1853
WARNING 2026-03-12 11:04:00,741 basehttp "GET /static/css/style.css HTTP/1.1" 404 1853
WARNING 2026-03-12 11:04:00,749 basehttp "GET /static/Magazin_de_muzica/imagini/hero-bg.jpg HTTP/1.1" 404 1925
WARNING 2026-03-12 11:04:02,418 basehttp "GET /static/css/style.css HTTP/1.1" 404 1853
WARNING 2026-03-12 11:04:05,074 basehttp "GET /static/css/style.css HTTP/1.1" 404 1853
WARNING 2026-03-12 11:04:09,616 basehttp "GET /static/css/style.css HTTP/1.1" 404 1853
WARNING 2026-03-12 11:04:09,637 basehttp "GET /static/Magazin_de_muzica/imagini/hero-bg.jpg HTTP/1.1" 404 1925
WARNING 2026-03-12 11:10:21,470 basehttp "GET /static/css/style.css HTTP/1.1" 404 1853
WARNING 2026-03-12 11:10:21,477 basehttp "GET /static/Magazin_de_muzica/imagini/hero-bg.jpg HTTP/1.1" 404 1925
WARNING 2026-03-12 11:10:25,731 basehttp "GET /static/css/style.css HTTP/1.1" 404 1853
WARNING 2026-03-12 11:11:45,941 basehttp "GET /static/css/style.css HTTP/1.1" 404 1853
WARNING 2026-03-12 11:11:47,392 basehttp "GET /static/css/style.css HTTP/1.1" 404 1853
WARNING 2026-03-12 11:11:47,398 basehttp "GET /static/Magazin_de_muzica/imagini/hero-bg.jpg HTTP/1.1" 404 1925
WARNING 2026-03-12 11:11:48,298 basehttp "GET /static/css/style.css HTTP/1.1" 404 1853
WARNING 2026-03-12 11:11:48,325 basehttp "GET /static/Magazin_de_muzica/imagini/hero-bg.jpg HTTP/1.1" 404 1925
ERROR 2026-03-12 11:11:50,583 log Internal Server Error: /Magazin_de_muzica/categorii/Figurine/
Traceback (most recent call last):
  File "C:\Users\grigo\AppData\Local\Programs\Python\Python312\Lib\site-packages\django\core\handlers\exception.py", line 55, in inner
    response = get_response(request)
               ^^^^^^^^^^^^^^^^^^^^^
  File "C:\Users\grigo\AppData\Local\Programs\Python\Python312\Lib\site-packages\django\core\handlers\base.py", line 197, in _get_response
    response = wrapped_callback(request, *callback_args, **callback_kwargs)
               ^^^^^^^^^^^^^^^^^^^^^^^^^^^^^^^^^^^^^^^^^^^^^^^^^^^^^^^^^^^^
  File "C:\Users\grigo\magazin_muzica\Magazin_de_muzica\views.py", line 1045, in produse_dupa_categorie
    return render(request, 'Magazin_de_muzica/produse_categorie.html', {'categorie': categorie, 'produse': produse})
           ^^^^^^^^^^^^^^^^^^^^^^^^^^^^^^^^^^^^^^^^^^^^^^^^^^^^^^^^^^^^^^^^^^^^^^^^^^^^^^^^^^^^^^^^^^^^^^^^^^^^^^^^^
  File "C:\Users\grigo\AppData\Local\Programs\Python\Python312\Lib\site-packages\django\shortcuts.py", line 25, in render
    content = loader.render_to_string(template_name, context, request, using=using)
              ^^^^^^^^^^^^^^^^^^^^^^^^^^^^^^^^^^^^^^^^^^^^^^^^^^^^^^^^^^^^^^^^^^^^^
  File "C:\Users\grigo\AppData\Local\Programs\Python\Python312\Lib\site-packages\django\template\loader.py", line 62, in render_to_string
    return template.render(context, request)
           ^^^^^^^^^^^^^^^^^^^^^^^^^^^^^^^^^
  File "C:\Users\grigo\AppData\Local\Programs\Python\Python312\Lib\site-packages\django\template\backends\django.py", line 107, in render
    return self.template.render(context)
           ^^^^^^^^^^^^^^^^^^^^^^^^^^^^^
  File "C:\Users\grigo\AppData\Local\Programs\Python\Python312\Lib\site-packages\django\template\base.py", line 171, in render
    return self._render(context)
           ^^^^^^^^^^^^^^^^^^^^^
  File "C:\Users\grigo\AppData\Local\Programs\Python\Python312\Lib\site-packages\django\template\base.py", line 163, in _render
    return self.nodelist.render(context)
           ^^^^^^^^^^^^^^^^^^^^^^^^^^^^^
  File "C:\Users\grigo\AppData\Local\Programs\Python\Python312\Lib\site-packages\django\template\base.py", line 1016, in render
    return SafeString("".join([node.render_annotated(context) for node in self]))
                               ^^^^^^^^^^^^^^^^^^^^^^^^^^^^^^
  File "C:\Users\grigo\AppData\Local\Programs\Python\Python312\Lib\site-packages\django\template\base.py", line 977, in render_annotated
    return self.render(context)
           ^^^^^^^^^^^^^^^^^^^^
  File "C:\Users\grigo\AppData\Local\Programs\Python\Python312\Lib\site-packages\django\template\loader_tags.py", line 159, in render
    return compiled_parent._render(context)
           ^^^^^^^^^^^^^^^^^^^^^^^^^^^^^^^^
  File "C:\Users\grigo\AppData\Local\Programs\Python\Python312\Lib\site-packages\django\template\base.py", line 163, in _render
    return self.nodelist.render(context)
           ^^^^^^^^^^^^^^^^^^^^^^^^^^^^^
  File "C:\Users\grigo\AppData\Local\Programs\Python\Python312\Lib\site-packages\django\template\base.py", line 1016, in render
    return SafeString("".join([node.render_annotated(context) for node in self]))
                               ^^^^^^^^^^^^^^^^^^^^^^^^^^^^^^
  File "C:\Users\grigo\AppData\Local\Programs\Python\Python312\Lib\site-packages\django\template\base.py", line 977, in render_annotated
    return self.render(context)
           ^^^^^^^^^^^^^^^^^^^^
  File "C:\Users\grigo\AppData\Local\Programs\Python\Python312\Lib\site-packages\django\template\defaulttags.py", line 198, in render
    values = list(values)
             ^^^^^^^^^^^^
TypeError: 'Categorie' object is not iterable
ERROR 2026-03-12 11:11:50,586 basehttp "GET /Magazin_de_muzica/categorii/Figurine/ HTTP/1.1" 500 135212
ERROR 2026-03-12 11:11:56,932 log Internal Server Error: /Magazin_de_muzica/categorii/Postere/
Traceback (most recent call last):
  File "C:\Users\grigo\AppData\Local\Programs\Python\Python312\Lib\site-packages\django\core\handlers\exception.py", line 55, in inner
    response = get_response(request)
               ^^^^^^^^^^^^^^^^^^^^^
  File "C:\Users\grigo\AppData\Local\Programs\Python\Python312\Lib\site-packages\django\core\handlers\base.py", line 197, in _get_response
    response = wrapped_callback(request, *callback_args, **callback_kwargs)
               ^^^^^^^^^^^^^^^^^^^^^^^^^^^^^^^^^^^^^^^^^^^^^^^^^^^^^^^^^^^^
  File "C:\Users\grigo\magazin_muzica\Magazin_de_muzica\views.py", line 1045, in produse_dupa_categorie
    return render(request, 'Magazin_de_muzica/produse_categorie.html', {'categorie': categorie, 'produse': produse})
           ^^^^^^^^^^^^^^^^^^^^^^^^^^^^^^^^^^^^^^^^^^^^^^^^^^^^^^^^^^^^^^^^^^^^^^^^^^^^^^^^^^^^^^^^^^^^^^^^^^^^^^^^^
  File "C:\Users\grigo\AppData\Local\Programs\Python\Python312\Lib\site-packages\django\shortcuts.py", line 25, in render
    content = loader.render_to_string(template_name, context, request, using=using)
              ^^^^^^^^^^^^^^^^^^^^^^^^^^^^^^^^^^^^^^^^^^^^^^^^^^^^^^^^^^^^^^^^^^^^^
  File "C:\Users\grigo\AppData\Local\Programs\Python\Python312\Lib\site-packages\django\template\loader.py", line 62, in render_to_string
    return template.render(context, request)
           ^^^^^^^^^^^^^^^^^^^^^^^^^^^^^^^^^
  File "C:\Users\grigo\AppData\Local\Programs\Python\Python312\Lib\site-packages\django\template\backends\django.py", line 107, in render
    return self.template.render(context)
           ^^^^^^^^^^^^^^^^^^^^^^^^^^^^^
  File "C:\Users\grigo\AppData\Local\Programs\Python\Python312\Lib\site-packages\django\template\base.py", line 171, in render
    return self._render(context)
           ^^^^^^^^^^^^^^^^^^^^^
  File "C:\Users\grigo\AppData\Local\Programs\Python\Python312\Lib\site-packages\django\template\base.py", line 163, in _render
    return self.nodelist.render(context)
           ^^^^^^^^^^^^^^^^^^^^^^^^^^^^^
  File "C:\Users\grigo\AppData\Local\Programs\Python\Python312\Lib\site-packages\django\template\base.py", line 1016, in render
    return SafeString("".join([node.render_annotated(context) for node in self]))
                               ^^^^^^^^^^^^^^^^^^^^^^^^^^^^^^
  File "C:\Users\grigo\AppData\Local\Programs\Python\Python312\Lib\site-packages\django\template\base.py", line 977, in render_annotated
    return self.render(context)
           ^^^^^^^^^^^^^^^^^^^^
  File "C:\Users\grigo\AppData\Local\Programs\Python\Python312\Lib\site-packages\django\template\loader_tags.py", line 159, in render
    return compiled_parent._render(context)
           ^^^^^^^^^^^^^^^^^^^^^^^^^^^^^^^^
  File "C:\Users\grigo\AppData\Local\Programs\Python\Python312\Lib\site-packages\django\template\base.py", line 163, in _render
    return self.nodelist.render(context)
           ^^^^^^^^^^^^^^^^^^^^^^^^^^^^^
  File "C:\Users\grigo\AppData\Local\Programs\Python\Python312\Lib\site-packages\django\template\base.py", line 1016, in render
    return SafeString("".join([node.render_annotated(context) for node in self]))
                               ^^^^^^^^^^^^^^^^^^^^^^^^^^^^^^
  File "C:\Users\grigo\AppData\Local\Programs\Python\Python312\Lib\site-packages\django\template\base.py", line 977, in render_annotated
    return self.render(context)
           ^^^^^^^^^^^^^^^^^^^^
  File "C:\Users\grigo\AppData\Local\Programs\Python\Python312\Lib\site-packages\django\template\defaulttags.py", line 198, in render
    values = list(values)
             ^^^^^^^^^^^^
TypeError: 'Categorie' object is not iterable
ERROR 2026-03-12 11:11:56,944 basehttp "GET /Magazin_de_muzica/categorii/Postere/ HTTP/1.1" 500 135183
ERROR 2026-03-12 11:12:01,418 log Internal Server Error: /Magazin_de_muzica/categorii/CD Rock/
Traceback (most recent call last):
  File "C:\Users\grigo\AppData\Local\Programs\Python\Python312\Lib\site-packages\django\core\handlers\exception.py", line 55, in inner
    response = get_response(request)
               ^^^^^^^^^^^^^^^^^^^^^
  File "C:\Users\grigo\AppData\Local\Programs\Python\Python312\Lib\site-packages\django\core\handlers\base.py", line 197, in _get_response
    response = wrapped_callback(request, *callback_args, **callback_kwargs)
               ^^^^^^^^^^^^^^^^^^^^^^^^^^^^^^^^^^^^^^^^^^^^^^^^^^^^^^^^^^^^
  File "C:\Users\grigo\magazin_muzica\Magazin_de_muzica\views.py", line 1045, in produse_dupa_categorie
    return render(request, 'Magazin_de_muzica/produse_categorie.html', {'categorie': categorie, 'produse': produse})
           ^^^^^^^^^^^^^^^^^^^^^^^^^^^^^^^^^^^^^^^^^^^^^^^^^^^^^^^^^^^^^^^^^^^^^^^^^^^^^^^^^^^^^^^^^^^^^^^^^^^^^^^^^
  File "C:\Users\grigo\AppData\Local\Programs\Python\Python312\Lib\site-packages\django\shortcuts.py", line 25, in render
    content = loader.render_to_string(template_name, context, request, using=using)
              ^^^^^^^^^^^^^^^^^^^^^^^^^^^^^^^^^^^^^^^^^^^^^^^^^^^^^^^^^^^^^^^^^^^^^
  File "C:\Users\grigo\AppData\Local\Programs\Python\Python312\Lib\site-packages\django\template\loader.py", line 62, in render_to_string
    return template.render(context, request)
           ^^^^^^^^^^^^^^^^^^^^^^^^^^^^^^^^^
  File "C:\Users\grigo\AppData\Local\Programs\Python\Python312\Lib\site-packages\django\template\backends\django.py", line 107, in render
    return self.template.render(context)
           ^^^^^^^^^^^^^^^^^^^^^^^^^^^^^
  File "C:\Users\grigo\AppData\Local\Programs\Python\Python312\Lib\site-packages\django\template\base.py", line 171, in render
    return self._render(context)
           ^^^^^^^^^^^^^^^^^^^^^
  File "C:\Users\grigo\AppData\Local\Programs\Python\Python312\Lib\site-packages\django\template\base.py", line 163, in _render
    return self.nodelist.render(context)
           ^^^^^^^^^^^^^^^^^^^^^^^^^^^^^
  File "C:\Users\grigo\AppData\Local\Programs\Python\Python312\Lib\site-packages\django\template\base.py", line 1016, in render
    return SafeString("".join([node.render_annotated(context) for node in self]))
                               ^^^^^^^^^^^^^^^^^^^^^^^^^^^^^^
  File "C:\Users\grigo\AppData\Local\Programs\Python\Python312\Lib\site-packages\django\template\base.py", line 977, in render_annotated
    return self.render(context)
           ^^^^^^^^^^^^^^^^^^^^
  File "C:\Users\grigo\AppData\Local\Programs\Python\Python312\Lib\site-packages\django\template\loader_tags.py", line 159, in render
    return compiled_parent._render(context)
           ^^^^^^^^^^^^^^^^^^^^^^^^^^^^^^^^
  File "C:\Users\grigo\AppData\Local\Programs\Python\Python312\Lib\site-packages\django\template\base.py", line 163, in _render
    return self.nodelist.render(context)
           ^^^^^^^^^^^^^^^^^^^^^^^^^^^^^
  File "C:\Users\grigo\AppData\Local\Programs\Python\Python312\Lib\site-packages\django\template\base.py", line 1016, in render
    return SafeString("".join([node.render_annotated(context) for node in self]))
                               ^^^^^^^^^^^^^^^^^^^^^^^^^^^^^^
  File "C:\Users\grigo\AppData\Local\Programs\Python\Python312\Lib\site-packages\django\template\base.py", line 977, in render_annotated
    return self.render(context)
           ^^^^^^^^^^^^^^^^^^^^
  File "C:\Users\grigo\AppData\Local\Programs\Python\Python312\Lib\site-packages\django\template\defaulttags.py", line 198, in render
    values = list(values)
             ^^^^^^^^^^^^
TypeError: 'Categorie' object is not iterable
ERROR 2026-03-12 11:12:01,424 basehttp "GET /Magazin_de_muzica/categorii/CD%20Rock/ HTTP/1.1" 500 135591
WARNING 2026-03-12 11:12:42,658 basehttp "GET /static/css/style.css HTTP/1.1" 404 1853
WARNING 2026-03-12 11:12:44,976 basehttp "GET /static/css/style.css HTTP/1.1" 404 1853
WARNING 2026-03-12 11:12:47,260 basehttp "GET /static/css/style.css HTTP/1.1" 404 1853
WARNING 2026-03-12 11:13:51,689 basehttp "GET /static/css/style.css HTTP/1.1" 404 1853
WARNING 2026-03-12 11:13:53,144 basehttp "GET /static/css/style.css HTTP/1.1" 404 1853
WARNING 2026-03-12 11:13:56,429 log Not Found: /
WARNING 2026-03-12 11:13:56,429 basehttp "GET / HTTP/1.1" 404 2495
WARNING 2026-03-12 11:14:11,155 basehttp "GET /static/css/style.css HTTP/1.1" 404 1853
WARNING 2026-03-12 11:14:46,352 basehttp "GET /static/css/style.css HTTP/1.1" 404 1853
WARNING 2026-03-12 11:14:49,164 basehttp "GET /static/css/style.css HTTP/1.1" 404 1853
WARNING 2026-03-12 11:14:54,253 basehttp "GET /static/css/style.css HTTP/1.1" 404 1853
WARNING 2026-03-12 11:15:02,140 basehttp "GET /static/css/style.css HTTP/1.1" 404 1853
WARNING 2026-03-12 11:15:03,500 basehttp "GET /static/css/style.css HTTP/1.1" 404 1853
WARNING 2026-03-12 11:15:32,824 basehttp "GET /static/css/style.css HTTP/1.1" 404 1853
WARNING 2026-03-12 11:15:32,839 basehttp "GET /static/Magazin_de_muzica/imagini/hero-bg.jpg HTTP/1.1" 404 1925
WARNING 2026-03-12 11:15:47,153 basehttp "GET /static/css/style.css HTTP/1.1" 404 1853
WARNING 2026-03-12 11:15:47,170 basehttp "GET /static/Magazin_de_muzica/imagini/hero-bg.jpg HTTP/1.1" 404 1925
WARNING 2026-03-12 11:16:35,139 basehttp "GET /static/css/style.css HTTP/1.1" 404 1853
WARNING 2026-03-12 11:16:37,247 basehttp "GET /static/css/style.css HTTP/1.1" 404 1853
WARNING 2026-03-12 11:16:56,357 basehttp "GET /static/css/style.css HTTP/1.1" 404 1853
WARNING 2026-03-12 11:17:10,905 basehttp "GET /static/css/style.css HTTP/1.1" 404 1853
WARNING 2026-03-12 11:17:11,582 basehttp "GET /static/css/style.css HTTP/1.1" 404 1853
WARNING 2026-03-12 11:17:22,144 basehttp "GET /static/css/style.css HTTP/1.1" 404 1853
WARNING 2026-03-12 11:17:23,430 basehttp "GET /static/css/style.css HTTP/1.1" 404 1853
WARNING 2026-03-12 11:17:25,075 basehttp "GET /static/css/style.css HTTP/1.1" 404 1853
WARNING 2026-03-12 11:17:34,449 basehttp "GET /static/css/style.css HTTP/1.1" 404 1853
WARNING 2026-03-12 11:17:43,820 basehttp "GET /static/css/style.css HTTP/1.1" 404 1853
WARNING 2026-03-12 11:18:38,121 basehttp "GET /static/css/style.css HTTP/1.1" 404 1853
WARNING 2026-03-12 11:19:58,618 basehttp "GET /static/css/style.css HTTP/1.1" 404 1853
WARNING 2026-03-12 11:20:00,789 basehttp "GET /static/css/style.css HTTP/1.1" 404 1853
WARNING 2026-03-12 11:22:13,214 basehttp "GET /static/css/style.css HTTP/1.1" 404 1853
WARNING 2026-03-12 11:22:14,960 basehttp "GET /static/css/style.css HTTP/1.1" 404 1853
WARNING 2026-03-12 11:22:16,336 basehttp "GET /static/css/style.css HTTP/1.1" 404 1853
WARNING 2026-03-12 11:22:41,448 basehttp "GET /static/css/style.css HTTP/1.1" 404 1853
WARNING 2026-03-12 11:22:59,450 basehttp "GET /static/css/style.css HTTP/1.1" 404 1853
